2020-09-06 00:19:47.575 DEBUG 11624 --- [http-nio-8061-exec-3] o.s.security.web.FilterChainProxy        : /api/v1/sign/in at position 1 of 11 in additional filter chain; firing Filter: 'WebAsyncManagerIntegrationFilter'
2020-09-06 00:19:47.583 DEBUG 11624 --- [http-nio-8061-exec-3] o.s.security.web.FilterChainProxy        : /api/v1/sign/in at position 2 of 11 in additional filter chain; firing Filter: 'SecurityContextPersistenceFilter'
2020-09-06 00:19:47.583 DEBUG 11624 --- [http-nio-8061-exec-3] o.s.security.web.FilterChainProxy        : /api/v1/sign/in at position 3 of 11 in additional filter chain; firing Filter: 'HeaderWriterFilter'
2020-09-06 00:19:47.583 DEBUG 11624 --- [http-nio-8061-exec-3] o.s.security.web.FilterChainProxy        : /api/v1/sign/in at position 4 of 11 in additional filter chain; firing Filter: 'LogoutFilter'
2020-09-06 00:19:47.589 DEBUG 11624 --- [http-nio-8061-exec-3] o.s.s.web.util.matcher.OrRequestMatcher  : Trying to match using Ant [pattern='/logout', GET]
2020-09-06 00:19:47.589 DEBUG 11624 --- [http-nio-8061-exec-3] o.s.s.w.u.matcher.AntPathRequestMatcher  : Request 'POST /api/v1/sign/in' doesn't match 'GET /logout'
2020-09-06 00:19:47.589 DEBUG 11624 --- [http-nio-8061-exec-3] o.s.s.web.util.matcher.OrRequestMatcher  : Trying to match using Ant [pattern='/logout', POST]
2020-09-06 00:19:47.589 DEBUG 11624 --- [http-nio-8061-exec-3] o.s.s.w.u.matcher.AntPathRequestMatcher  : Checking match of request : '/api/v1/sign/in'; against '/logout'
2020-09-06 00:19:47.590 DEBUG 11624 --- [http-nio-8061-exec-3] o.s.s.web.util.matcher.OrRequestMatcher  : Trying to match using Ant [pattern='/logout', PUT]
2020-09-06 00:19:47.590 DEBUG 11624 --- [http-nio-8061-exec-3] o.s.s.w.u.matcher.AntPathRequestMatcher  : Request 'POST /api/v1/sign/in' doesn't match 'PUT /logout'
2020-09-06 00:19:47.590 DEBUG 11624 --- [http-nio-8061-exec-3] o.s.s.web.util.matcher.OrRequestMatcher  : Trying to match using Ant [pattern='/logout', DELETE]
2020-09-06 00:19:47.590 DEBUG 11624 --- [http-nio-8061-exec-3] o.s.s.w.u.matcher.AntPathRequestMatcher  : Request 'POST /api/v1/sign/in' doesn't match 'DELETE /logout'
2020-09-06 00:19:47.590 DEBUG 11624 --- [http-nio-8061-exec-3] o.s.s.web.util.matcher.OrRequestMatcher  : No matches found
2020-09-06 00:19:47.590 DEBUG 11624 --- [http-nio-8061-exec-3] o.s.security.web.FilterChainProxy        : /api/v1/sign/in at position 5 of 11 in additional filter chain; firing Filter: 'JwtTokenFilter'
2020-09-06 00:19:47.590 DEBUG 11624 --- [http-nio-8061-exec-3] o.s.security.web.FilterChainProxy        : /api/v1/sign/in at position 6 of 11 in additional filter chain; firing Filter: 'RequestCacheAwareFilter'
2020-09-06 00:19:47.590 DEBUG 11624 --- [http-nio-8061-exec-3] o.s.security.web.FilterChainProxy        : /api/v1/sign/in at position 7 of 11 in additional filter chain; firing Filter: 'SecurityContextHolderAwareRequestFilter'
2020-09-06 00:19:47.590 DEBUG 11624 --- [http-nio-8061-exec-3] o.s.security.web.FilterChainProxy        : /api/v1/sign/in at position 8 of 11 in additional filter chain; firing Filter: 'AnonymousAuthenticationFilter'
2020-09-06 00:19:47.590 DEBUG 11624 --- [http-nio-8061-exec-3] o.s.s.w.a.AnonymousAuthenticationFilter  : Populated SecurityContextHolder with anonymous token: 'org.springframework.security.authentication.AnonymousAuthenticationToken@55b5f859: Principal: anonymousUser; Credentials: [PROTECTED]; Authenticated: true; Details: org.springframework.security.web.authentication.WebAuthenticationDetails@b364: RemoteIpAddress: 0:0:0:0:0:0:0:1; SessionId: null; Granted Authorities: ROLE_ANONYMOUS'
2020-09-06 00:19:47.591 DEBUG 11624 --- [http-nio-8061-exec-3] o.s.security.web.FilterChainProxy        : /api/v1/sign/in at position 9 of 11 in additional filter chain; firing Filter: 'SessionManagementFilter'
2020-09-06 00:19:47.591 DEBUG 11624 --- [http-nio-8061-exec-3] o.s.security.web.FilterChainProxy        : /api/v1/sign/in at position 10 of 11 in additional filter chain; firing Filter: 'ExceptionTranslationFilter'
2020-09-06 00:19:47.591 DEBUG 11624 --- [http-nio-8061-exec-3] o.s.security.web.FilterChainProxy        : /api/v1/sign/in at position 11 of 11 in additional filter chain; firing Filter: 'FilterSecurityInterceptor'
2020-09-06 00:19:47.591 DEBUG 11624 --- [http-nio-8061-exec-3] o.s.s.w.u.matcher.AntPathRequestMatcher  : Checking match of request : '/api/v1/sign/in'; against '/api/v1/sign/**'
2020-09-06 00:19:47.591 DEBUG 11624 --- [http-nio-8061-exec-3] o.s.s.w.a.i.FilterSecurityInterceptor    : Secure object: FilterInvocation: URL: /api/v1/sign/in; Attributes: [permitAll]
2020-09-06 00:19:47.591 DEBUG 11624 --- [http-nio-8061-exec-3] o.s.s.w.a.i.FilterSecurityInterceptor    : Previously Authenticated: org.springframework.security.authentication.AnonymousAuthenticationToken@55b5f859: Principal: anonymousUser; Credentials: [PROTECTED]; Authenticated: true; Details: org.springframework.security.web.authentication.WebAuthenticationDetails@b364: RemoteIpAddress: 0:0:0:0:0:0:0:1; SessionId: null; Granted Authorities: ROLE_ANONYMOUS
2020-09-06 00:19:47.592 DEBUG 11624 --- [http-nio-8061-exec-3] o.s.s.access.vote.AffirmativeBased       : Voter: org.springframework.security.web.access.expression.WebExpressionVoter@17aac06f, returned: 1
2020-09-06 00:19:47.592 DEBUG 11624 --- [http-nio-8061-exec-3] o.s.s.w.a.i.FilterSecurityInterceptor    : Authorization successful
2020-09-06 00:19:47.592 DEBUG 11624 --- [http-nio-8061-exec-3] o.s.s.w.a.i.FilterSecurityInterceptor    : RunAsManager did not change Authentication object
2020-09-06 00:19:47.592 DEBUG 11624 --- [http-nio-8061-exec-3] o.s.security.web.FilterChainProxy        : /api/v1/sign/in reached end of additional filter chain; proceeding with original chain
2020-09-06 00:19:47.594 DEBUG 11624 --- [http-nio-8061-exec-3] o.s.s.authentication.ProviderManager     : Authentication attempt using org.springframework.security.authentication.dao.DaoAuthenticationProvider
2020-09-06 00:19:47.600  INFO 11624 --- [http-nio-8061-exec-3] r.l.service.user.impl.UserServiceImpl    : IN UserServiceImpl findByUsername() - user: User{username='test3', firstName='testfirst3', lastName='testlast3', email='psomail@yandex.ru', phone='+79119795503', password='$2a$10$xwJUCV3h6kHew86HdYBONOwg7MNMP.hv6U.l1tGdLCuhxxBD3E8ze', roles=[Role{id: 2, name: ROLE_CONTRACTOR}], userStatus=ACTIVE} found by userName: test3
2020-09-06 00:19:47.601  INFO 11624 --- [http-nio-8061-exec-3] r.l.security.JwtUserDetailsService       : IN loadUserByUsername - user with username: test3 successfully loaded
2020-09-06 00:19:47.727  INFO 11624 --- [http-nio-8061-exec-3] r.l.service.user.impl.UserServiceImpl    : IN UserServiceImpl findByUsername() - user: User{username='test3', firstName='testfirst3', lastName='testlast3', email='psomail@yandex.ru', phone='+79119795503', password='$2a$10$xwJUCV3h6kHew86HdYBONOwg7MNMP.hv6U.l1tGdLCuhxxBD3E8ze', roles=[Role{id: 2, name: ROLE_CONTRACTOR}], userStatus=ACTIVE} found by userName: test3
2020-09-06 00:19:47.728 DEBUG 11624 --- [http-nio-8061-exec-3] o.s.s.w.header.writers.HstsHeaderWriter  : Not injecting HSTS header since it did not match the requestMatcher org.springframework.security.web.header.writers.HstsHeaderWriter$SecureRequestMatcher@3e2bb53f
2020-09-06 00:19:47.729 DEBUG 11624 --- [http-nio-8061-exec-3] o.s.s.w.a.ExceptionTranslationFilter     : Chain processed normally
2020-09-06 00:19:47.729 DEBUG 11624 --- [http-nio-8061-exec-3] s.s.w.c.SecurityContextPersistenceFilter : SecurityContextHolder now cleared, as request processing completed
